<?xml version="1.0" encoding="UTF-8"?>
<testng-results ignored="2" total="32" passed="30" failed="0" skipped="0">
  <reporter-output>
  </reporter-output>
  <suite started-at="2023-05-18T17:38:44 EEST" name="All Test Suite" finished-at="2023-05-18T17:38:58 EEST" duration-ms="14685">
    <groups>
    </groups>
    <test started-at="2023-05-18T17:38:44 EEST" name="D:/Test_Frame" finished-at="2023-05-18T17:38:58 EEST" duration-ms="14685">
      <class name="tests.loginPage.loginPageTests">
        <test-method signature="checkThatErrorWrapperIsPresent()[pri:0, instance:tests.loginPage.loginPageTests@1623bbe5]" started-at="2023-05-18T17:38:51 EEST" name="checkThatErrorWrapperIsPresent" finished-at="2023-05-18T17:38:52 EEST" duration-ms="417" status="PASS">
          <reporter-output>
          </reporter-output>
        </test-method> <!-- checkThatErrorWrapperIsPresent -->
        <test-method signature="checkThatInformationWrapperIsPresent()[pri:0, instance:tests.loginPage.loginPageTests@1623bbe5]" started-at="2023-05-18T17:38:52 EEST" name="checkThatInformationWrapperIsPresent" finished-at="2023-05-18T17:38:52 EEST" duration-ms="92" status="PASS">
          <reporter-output>
          </reporter-output>
        </test-method> <!-- checkThatInformationWrapperIsPresent -->
        <test-method signature="checkThatLogoIsPresent()[pri:0, instance:tests.loginPage.loginPageTests@1623bbe5]" started-at="2023-05-18T17:38:52 EEST" name="checkThatLogoIsPresent" finished-at="2023-05-18T17:38:52 EEST" duration-ms="76" status="PASS">
          <reporter-output>
          </reporter-output>
        </test-method> <!-- checkThatLogoIsPresent -->
        <test-method signature="checkThatLogoLoginWrapperIsPresent()[pri:0, instance:tests.loginPage.loginPageTests@1623bbe5]" started-at="2023-05-18T17:38:52 EEST" name="checkThatLogoLoginWrapperIsPresent" finished-at="2023-05-18T17:38:52 EEST" duration-ms="67" status="PASS">
          <reporter-output>
          </reporter-output>
        </test-method> <!-- checkThatLogoLoginWrapperIsPresent -->
        <test-method signature="checkToLoginCorrectUser()[pri:0, instance:tests.loginPage.loginPageTests@1623bbe5]" started-at="2023-05-18T17:38:52 EEST" name="checkToLoginCorrectUser" finished-at="2023-05-18T17:38:52 EEST" duration-ms="252" status="PASS">
          <reporter-output>
          </reporter-output>
        </test-method> <!-- checkToLoginCorrectUser -->
        <test-method signature="checkToLoginLockedUser()[pri:0, instance:tests.loginPage.loginPageTests@1623bbe5]" started-at="2023-05-18T17:38:52 EEST" name="checkToLoginLockedUser" finished-at="2023-05-18T17:38:53 EEST" duration-ms="204" status="PASS">
          <reporter-output>
          </reporter-output>
        </test-method> <!-- checkToLoginLockedUser -->
        <test-method signature="checkToLoginPerformanceGlitchUser()[pri:0, instance:tests.loginPage.loginPageTests@1623bbe5]" started-at="2023-05-18T17:38:53 EEST" name="checkToLoginPerformanceGlitchUser" finished-at="2023-05-18T17:38:58 EEST" duration-ms="5183" status="PASS">
          <reporter-output>
          </reporter-output>
        </test-method> <!-- checkToLoginPerformanceGlitchUser -->
        <test-method signature="checkToLoginProblemUser()[pri:0, instance:tests.loginPage.loginPageTests@1623bbe5]" started-at="2023-05-18T17:38:58 EEST" name="checkToLoginProblemUser" finished-at="2023-05-18T17:38:58 EEST" duration-ms="171" status="PASS">
          <reporter-output>
          </reporter-output>
        </test-method> <!-- checkToLoginProblemUser -->
        <test-method signature="justEnterOnlyUserStandard()[pri:0, instance:tests.loginPage.loginPageTests@1623bbe5]" started-at="2023-05-18T17:38:58 EEST" name="justEnterOnlyUserStandard" finished-at="2023-05-18T17:38:58 EEST" duration-ms="116" status="PASS">
          <reporter-output>
          </reporter-output>
        </test-method> <!-- justEnterOnlyUserStandard -->
        <test-method signature="justPressLoginButton()[pri:0, instance:tests.loginPage.loginPageTests@1623bbe5]" started-at="2023-05-18T17:38:58 EEST" name="justPressLoginButton" finished-at="2023-05-18T17:38:58 EEST" duration-ms="87" status="PASS">
          <reporter-output>
          </reporter-output>
        </test-method> <!-- justPressLoginButton -->
        <test-method signature="thatErrorMessageCanClosed()[pri:0, instance:tests.loginPage.loginPageTests@1623bbe5]" started-at="2023-05-18T17:38:58 EEST" name="thatErrorMessageCanClosed" finished-at="2023-05-18T17:38:58 EEST" duration-ms="91" status="PASS">
          <reporter-output>
          </reporter-output>
        </test-method> <!-- thatErrorMessageCanClosed -->
      </class> <!-- tests.loginPage.loginPageTests -->
      <class name="tests.InventoryPageTest.inventoryPageTests">
        <test-method signature="checkThatAboutIsWorking()[pri:0, instance:tests.InventoryPageTest.inventoryPageTests@21ae6e73]" started-at="2023-05-18T17:38:44 EEST" name="checkThatAboutIsWorking" finished-at="2023-05-18T17:38:46 EEST" duration-ms="2605" status="PASS">
          <reporter-output>
          </reporter-output>
        </test-method> <!-- checkThatAboutIsWorking -->
        <test-method signature="checkThatAllCardsHaveAddButton()[pri:0, instance:tests.InventoryPageTest.inventoryPageTests@21ae6e73]" started-at="2023-05-18T17:38:46 EEST" name="checkThatAllCardsHaveAddButton" finished-at="2023-05-18T17:38:47 EEST" duration-ms="354" status="PASS">
          <reporter-output>
          </reporter-output>
        </test-method> <!-- checkThatAllCardsHaveAddButton -->
        <test-method signature="checkThatAllCardsHaveAddIconImg()[pri:0, instance:tests.InventoryPageTest.inventoryPageTests@21ae6e73]" started-at="2023-05-18T17:38:47 EEST" name="checkThatAllCardsHaveAddIconImg" finished-at="2023-05-18T17:38:47 EEST" duration-ms="213" status="PASS">
          <reporter-output>
          </reporter-output>
        </test-method> <!-- checkThatAllCardsHaveAddIconImg -->
        <test-method signature="checkThatAllCardsHaveDescribe()[pri:0, instance:tests.InventoryPageTest.inventoryPageTests@21ae6e73]" started-at="2023-05-18T17:38:47 EEST" name="checkThatAllCardsHaveDescribe" finished-at="2023-05-18T17:38:47 EEST" duration-ms="231" status="PASS">
          <reporter-output>
          </reporter-output>
        </test-method> <!-- checkThatAllCardsHaveDescribe -->
        <test-method signature="checkThatAllCardsHaveItemDescription()[pri:0, instance:tests.InventoryPageTest.inventoryPageTests@21ae6e73]" started-at="2023-05-18T17:38:47 EEST" name="checkThatAllCardsHaveItemDescription" finished-at="2023-05-18T17:38:47 EEST" duration-ms="224" status="PASS">
          <reporter-output>
          </reporter-output>
        </test-method> <!-- checkThatAllCardsHaveItemDescription -->
        <test-method signature="checkThatAllCardsHaveName()[pri:0, instance:tests.InventoryPageTest.inventoryPageTests@21ae6e73]" started-at="2023-05-18T17:38:47 EEST" name="checkThatAllCardsHaveName" finished-at="2023-05-18T17:38:47 EEST" duration-ms="227" status="PASS">
          <reporter-output>
          </reporter-output>
        </test-method> <!-- checkThatAllCardsHaveName -->
        <test-method signature="checkThatAllCardsHavePrice()[pri:0, instance:tests.InventoryPageTest.inventoryPageTests@21ae6e73]" started-at="2023-05-18T17:38:47 EEST" name="checkThatAllCardsHavePrice" finished-at="2023-05-18T17:38:48 EEST" duration-ms="261" status="PASS">
          <reporter-output>
          </reporter-output>
        </test-method> <!-- checkThatAllCardsHavePrice -->
        <test-method signature="checkThatAllProductsCardIsPresent()[pri:0, instance:tests.InventoryPageTest.inventoryPageTests@21ae6e73]" started-at="2023-05-18T17:38:48 EEST" name="checkThatAllProductsCardIsPresent" finished-at="2023-05-18T17:38:48 EEST" duration-ms="191" status="PASS">
          <reporter-output>
          </reporter-output>
        </test-method> <!-- checkThatAllProductsCardIsPresent -->
        <test-method signature="checkThatLogoIsPresentOnPage()[pri:0, instance:tests.InventoryPageTest.inventoryPageTests@21ae6e73]" started-at="2023-05-18T17:38:48 EEST" name="checkThatLogoIsPresentOnPage" finished-at="2023-05-18T17:38:48 EEST" duration-ms="199" status="PASS">
          <reporter-output>
          </reporter-output>
        </test-method> <!-- checkThatLogoIsPresentOnPage -->
        <test-method signature="checkThatLogoutIsWorking()[pri:0, instance:tests.InventoryPageTest.inventoryPageTests@21ae6e73]" started-at="2023-05-18T17:38:48 EEST" name="checkThatLogoutIsWorking" finished-at="2023-05-18T17:38:48 EEST" duration-ms="333" status="PASS">
          <reporter-output>
          </reporter-output>
        </test-method> <!-- checkThatLogoutIsWorking -->
        <test-method signature="checkThatResetAppStateIsWorking()[pri:0, instance:tests.InventoryPageTest.inventoryPageTests@21ae6e73]" started-at="2023-05-18T17:38:48 EEST" name="checkThatResetAppStateIsWorking" finished-at="2023-05-18T17:38:49 EEST" duration-ms="353" status="PASS">
          <reporter-output>
          </reporter-output>
        </test-method> <!-- checkThatResetAppStateIsWorking -->
        <test-method signature="checkThatShoppingCardIsClickable()[pri:0, instance:tests.InventoryPageTest.inventoryPageTests@21ae6e73]" started-at="2023-05-18T17:38:49 EEST" name="checkThatShoppingCardIsClickable" finished-at="2023-05-18T17:38:49 EEST" duration-ms="234" status="PASS">
          <reporter-output>
          </reporter-output>
        </test-method> <!-- checkThatShoppingCardIsClickable -->
        <test-method signature="checkThatSortContainerIsPresent()[pri:0, instance:tests.InventoryPageTest.inventoryPageTests@21ae6e73]" started-at="2023-05-18T17:38:49 EEST" name="checkThatSortContainerIsPresent" finished-at="2023-05-18T17:38:49 EEST" duration-ms="178" status="PASS">
          <reporter-output>
          </reporter-output>
        </test-method> <!-- checkThatSortContainerIsPresent -->
        <test-method signature="checkThatSortContainerIsWorkAZ()[pri:0, instance:tests.InventoryPageTest.inventoryPageTests@21ae6e73]" started-at="2023-05-18T17:38:49 EEST" name="checkThatSortContainerIsWorkAZ" finished-at="2023-05-18T17:38:50 EEST" duration-ms="483" status="PASS">
          <reporter-output>
          </reporter-output>
        </test-method> <!-- checkThatSortContainerIsWorkAZ -->
        <test-method signature="checkThatSortContainerIsWorkHighToLow()[pri:0, instance:tests.InventoryPageTest.inventoryPageTests@21ae6e73]" started-at="2023-05-18T17:38:50 EEST" name="checkThatSortContainerIsWorkHighToLow" finished-at="2023-05-18T17:38:50 EEST" duration-ms="501" status="PASS">
          <reporter-output>
          </reporter-output>
        </test-method> <!-- checkThatSortContainerIsWorkHighToLow -->
        <test-method signature="checkThatSortContainerIsWorkLowToHigh()[pri:0, instance:tests.InventoryPageTest.inventoryPageTests@21ae6e73]" started-at="2023-05-18T17:38:50 EEST" name="checkThatSortContainerIsWorkLowToHigh" finished-at="2023-05-18T17:38:51 EEST" duration-ms="353" status="PASS">
          <reporter-output>
          </reporter-output>
        </test-method> <!-- checkThatSortContainerIsWorkLowToHigh -->
        <test-method signature="checkThatSortContainerIsWorkZA()[pri:0, instance:tests.InventoryPageTest.inventoryPageTests@21ae6e73]" started-at="2023-05-18T17:38:51 EEST" name="checkThatSortContainerIsWorkZA" finished-at="2023-05-18T17:38:51 EEST" duration-ms="406" status="PASS">
          <reporter-output>
          </reporter-output>
        </test-method> <!-- checkThatSortContainerIsWorkZA -->
        <test-method signature="clickAndCheckButtonMenu()[pri:0, instance:tests.InventoryPageTest.inventoryPageTests@21ae6e73]" started-at="2023-05-18T17:38:51 EEST" name="clickAndCheckButtonMenu" finished-at="2023-05-18T17:38:51 EEST" duration-ms="216" status="PASS">
          <reporter-output>
          </reporter-output>
        </test-method> <!-- clickAndCheckButtonMenu -->
        <test-method signature="clickOnAllItemsButton()[pri:0, instance:tests.InventoryPageTest.inventoryPageTests@21ae6e73]" started-at="2023-05-18T17:38:51 EEST" name="clickOnAllItemsButton" finished-at="2023-05-18T17:38:51 EEST" duration-ms="313" status="PASS">
          <reporter-output>
          </reporter-output>
        </test-method> <!-- clickOnAllItemsButton -->
        <test-method is-config="true" signature="clearCookLocalStorage()[pri:0, instance:tests.InventoryPageTest.inventoryPageTests@21ae6e73]" started-at="2023-05-18T17:38:58 EEST" name="clearCookLocalStorage" finished-at="2023-05-18T17:38:58 EEST" duration-ms="19" status="PASS">
          <reporter-output>
          </reporter-output>
        </test-method> <!-- clearCookLocalStorage -->
        <test-method is-config="true" signature="close()[pri:0, instance:tests.InventoryPageTest.inventoryPageTests@21ae6e73]" started-at="2023-05-18T17:38:58 EEST" name="close" finished-at="2023-05-18T17:38:58 EEST" duration-ms="195" status="PASS">
          <reporter-output>
          </reporter-output>
        </test-method> <!-- close -->
      </class> <!-- tests.InventoryPageTest.inventoryPageTests -->
    </test> <!-- D:/Test_Frame -->
  </suite> <!-- All Test Suite -->
</testng-results>
