<?xml version="1.0" encoding="UTF-8"?>
<testng-results ignored="2" total="22" passed="20" failed="0" skipped="0">
  <reporter-output>
  </reporter-output>
  <suite started-at="2023-05-08T00:04:19 EEST" name="All Test Suite" finished-at="2023-05-08T00:04:28 EEST" duration-ms="8900">
    <groups>
    </groups>
    <test started-at="2023-05-08T00:04:19 EEST" name="D:/Test_Frame" finished-at="2023-05-08T00:04:28 EEST" duration-ms="8900">
      <class name="Tests.LoginPage.LoginPageTests">
        <test-method signature="checkThatErrorWrapperIsPresent()[pri:0, instance:Tests.LoginPage.LoginPageTests@54534abf]" started-at="2023-05-08T00:04:22 EEST" name="checkThatErrorWrapperIsPresent" finished-at="2023-05-08T00:04:22 EEST" duration-ms="376" status="PASS">
          <reporter-output>
          </reporter-output>
        </test-method> <!-- checkThatErrorWrapperIsPresent -->
        <test-method signature="checkThatInformationWrapperIsPresent()[pri:0, instance:Tests.LoginPage.LoginPageTests@54534abf]" started-at="2023-05-08T00:04:22 EEST" name="checkThatInformationWrapperIsPresent" finished-at="2023-05-08T00:04:22 EEST" duration-ms="84" status="PASS">
          <reporter-output>
          </reporter-output>
        </test-method> <!-- checkThatInformationWrapperIsPresent -->
        <test-method signature="checkThatLogoIsPresent()[pri:0, instance:Tests.LoginPage.LoginPageTests@54534abf]" started-at="2023-05-08T00:04:22 EEST" name="checkThatLogoIsPresent" finished-at="2023-05-08T00:04:22 EEST" duration-ms="77" status="PASS">
          <reporter-output>
          </reporter-output>
        </test-method> <!-- checkThatLogoIsPresent -->
        <test-method signature="checkThatLogoLoginWrapperIsPresent()[pri:0, instance:Tests.LoginPage.LoginPageTests@54534abf]" started-at="2023-05-08T00:04:22 EEST" name="checkThatLogoLoginWrapperIsPresent" finished-at="2023-05-08T00:04:22 EEST" duration-ms="76" status="PASS">
          <reporter-output>
          </reporter-output>
        </test-method> <!-- checkThatLogoLoginWrapperIsPresent -->
        <test-method signature="checkToLoginCorrectUser()[pri:0, instance:Tests.LoginPage.LoginPageTests@54534abf]" started-at="2023-05-08T00:04:22 EEST" name="checkToLoginCorrectUser" finished-at="2023-05-08T00:04:22 EEST" duration-ms="243" status="PASS">
          <reporter-output>
          </reporter-output>
        </test-method> <!-- checkToLoginCorrectUser -->
        <test-method signature="checkToLoginLockedUser()[pri:0, instance:Tests.LoginPage.LoginPageTests@54534abf]" started-at="2023-05-08T00:04:22 EEST" name="checkToLoginLockedUser" finished-at="2023-05-08T00:04:23 EEST" duration-ms="194" status="PASS">
          <reporter-output>
          </reporter-output>
        </test-method> <!-- checkToLoginLockedUser -->
        <test-method signature="checkToLoginPerformanceGlitchUser()[pri:0, instance:Tests.LoginPage.LoginPageTests@54534abf]" started-at="2023-05-08T00:04:23 EEST" name="checkToLoginPerformanceGlitchUser" finished-at="2023-05-08T00:04:28 EEST" duration-ms="5175" status="PASS">
          <reporter-output>
          </reporter-output>
        </test-method> <!-- checkToLoginPerformanceGlitchUser -->
        <test-method signature="checkToLoginProblemUser()[pri:0, instance:Tests.LoginPage.LoginPageTests@54534abf]" started-at="2023-05-08T00:04:28 EEST" name="checkToLoginProblemUser" finished-at="2023-05-08T00:04:28 EEST" duration-ms="173" status="PASS">
          <reporter-output>
          </reporter-output>
        </test-method> <!-- checkToLoginProblemUser -->
        <test-method signature="justEnterOnlyUserStandard()[pri:0, instance:Tests.LoginPage.LoginPageTests@54534abf]" started-at="2023-05-08T00:04:28 EEST" name="justEnterOnlyUserStandard" finished-at="2023-05-08T00:04:28 EEST" duration-ms="125" status="PASS">
          <reporter-output>
          </reporter-output>
        </test-method> <!-- justEnterOnlyUserStandard -->
        <test-method signature="justPressLoginButton()[pri:0, instance:Tests.LoginPage.LoginPageTests@54534abf]" started-at="2023-05-08T00:04:28 EEST" name="justPressLoginButton" finished-at="2023-05-08T00:04:28 EEST" duration-ms="71" status="PASS">
          <reporter-output>
          </reporter-output>
        </test-method> <!-- justPressLoginButton -->
        <test-method signature="thatErrorMessageCanClosed()[pri:0, instance:Tests.LoginPage.LoginPageTests@54534abf]" started-at="2023-05-08T00:04:28 EEST" name="thatErrorMessageCanClosed" finished-at="2023-05-08T00:04:28 EEST" duration-ms="90" status="PASS">
          <reporter-output>
          </reporter-output>
        </test-method> <!-- thatErrorMessageCanClosed -->
      </class> <!-- Tests.LoginPage.LoginPageTests -->
      <class name="Tests.InventoryPageTest.InventoryPageTests">
        <test-method signature="checkThatAllCardsHaveAddButton()[pri:0, instance:Tests.InventoryPageTest.InventoryPageTests@6d868997]" started-at="2023-05-08T00:04:19 EEST" name="checkThatAllCardsHaveAddButton" finished-at="2023-05-08T00:04:20 EEST" duration-ms="605" status="PASS">
          <reporter-output>
          </reporter-output>
        </test-method> <!-- checkThatAllCardsHaveAddButton -->
        <test-method signature="checkThatAllCardsHaveAddIconImg()[pri:0, instance:Tests.InventoryPageTest.InventoryPageTests@6d868997]" started-at="2023-05-08T00:04:20 EEST" name="checkThatAllCardsHaveAddIconImg" finished-at="2023-05-08T00:04:20 EEST" duration-ms="200" status="PASS">
          <reporter-output>
          </reporter-output>
        </test-method> <!-- checkThatAllCardsHaveAddIconImg -->
        <test-method signature="checkThatAllCardsHaveDescribe()[pri:0, instance:Tests.InventoryPageTest.InventoryPageTests@6d868997]" started-at="2023-05-08T00:04:20 EEST" name="checkThatAllCardsHaveDescribe" finished-at="2023-05-08T00:04:20 EEST" duration-ms="197" status="PASS">
          <reporter-output>
          </reporter-output>
        </test-method> <!-- checkThatAllCardsHaveDescribe -->
        <test-method signature="checkThatAllCardsHaveItemDescription()[pri:0, instance:Tests.InventoryPageTest.InventoryPageTests@6d868997]" started-at="2023-05-08T00:04:20 EEST" name="checkThatAllCardsHaveItemDescription" finished-at="2023-05-08T00:04:21 EEST" duration-ms="221" status="PASS">
          <reporter-output>
          </reporter-output>
        </test-method> <!-- checkThatAllCardsHaveItemDescription -->
        <test-method signature="checkThatAllCardsHaveName()[pri:0, instance:Tests.InventoryPageTest.InventoryPageTests@6d868997]" started-at="2023-05-08T00:04:21 EEST" name="checkThatAllCardsHaveName" finished-at="2023-05-08T00:04:21 EEST" duration-ms="189" status="PASS">
          <reporter-output>
          </reporter-output>
        </test-method> <!-- checkThatAllCardsHaveName -->
        <test-method signature="checkThatAllCardsHavePrice()[pri:0, instance:Tests.InventoryPageTest.InventoryPageTests@6d868997]" started-at="2023-05-08T00:04:21 EEST" name="checkThatAllCardsHavePrice" finished-at="2023-05-08T00:04:21 EEST" duration-ms="223" status="PASS">
          <reporter-output>
          </reporter-output>
        </test-method> <!-- checkThatAllCardsHavePrice -->
        <test-method signature="checkThatAllProductsCardIsPresent()[pri:0, instance:Tests.InventoryPageTest.InventoryPageTests@6d868997]" started-at="2023-05-08T00:04:21 EEST" name="checkThatAllProductsCardIsPresent" finished-at="2023-05-08T00:04:21 EEST" duration-ms="167" status="PASS">
          <reporter-output>
          </reporter-output>
        </test-method> <!-- checkThatAllProductsCardIsPresent -->
        <test-method signature="checkThatLogoIsPresentOnPage()[pri:0, instance:Tests.InventoryPageTest.InventoryPageTests@6d868997]" started-at="2023-05-08T00:04:21 EEST" name="checkThatLogoIsPresentOnPage" finished-at="2023-05-08T00:04:21 EEST" duration-ms="184" status="PASS">
          <reporter-output>
          </reporter-output>
        </test-method> <!-- checkThatLogoIsPresentOnPage -->
        <test-method signature="checkThatSortContainerIsPresent()[pri:0, instance:Tests.InventoryPageTest.InventoryPageTests@6d868997]" started-at="2023-05-08T00:04:21 EEST" name="checkThatSortContainerIsPresent" finished-at="2023-05-08T00:04:22 EEST" duration-ms="181" status="PASS">
          <reporter-output>
          </reporter-output>
        </test-method> <!-- checkThatSortContainerIsPresent -->
        <test-method is-config="true" signature="clearCookLocalStorage()[pri:0, instance:Tests.InventoryPageTest.InventoryPageTests@6d868997]" started-at="2023-05-08T00:04:28 EEST" name="clearCookLocalStorage" finished-at="2023-05-08T00:04:28 EEST" duration-ms="12" status="PASS">
          <reporter-output>
          </reporter-output>
        </test-method> <!-- clearCookLocalStorage -->
        <test-method is-config="true" signature="close()[pri:0, instance:Tests.InventoryPageTest.InventoryPageTests@6d868997]" started-at="2023-05-08T00:04:28 EEST" name="close" finished-at="2023-05-08T00:04:28 EEST" duration-ms="159" status="PASS">
          <reporter-output>
          </reporter-output>
        </test-method> <!-- close -->
      </class> <!-- Tests.InventoryPageTest.InventoryPageTests -->
    </test> <!-- D:/Test_Frame -->
  </suite> <!-- All Test Suite -->
</testng-results>
