<?xml version="1.0" encoding="UTF-8"?>
<testsuite xmlns:xsi="http://www.w3.org/2001/XMLSchema-instance" xsi:noNamespaceSchemaLocation="https://maven.apache.org/surefire/maven-surefire-plugin/xsd/surefire-test-report.xsd" name="TestSuite" time="11.28" tests="20" errors="0" skipped="0" failures="0">
  <properties>
[...]
</properties>
  <testcase name="checkThatAllCardsHaveAddButton" classname="Tests.InventoryPageTest.InventoryPageTests" time="0.606"/>
  <testcase name="checkThatAllCardsHaveAddIconImg" classname="Tests.InventoryPageTest.InventoryPageTests" time="0.199"/>
  <testcase name="checkThatAllCardsHaveDescribe" classname="Tests.InventoryPageTest.InventoryPageTests" time="0.197"/>
  <testcase name="checkThatAllCardsHaveItemDescription" classname="Tests.InventoryPageTest.InventoryPageTests" time="0.22"/>
  <testcase name="checkThatAllCardsHaveName" classname="Tests.InventoryPageTest.InventoryPageTests" time="0.188"/>
  <testcase name="checkThatAllCardsHavePrice" classname="Tests.InventoryPageTest.InventoryPageTests" time="0.224"/>
  <testcase name="checkThatAllProductsCardIsPresent" classname="Tests.InventoryPageTest.InventoryPageTests" time="0.167"/>
  <testcase name="checkThatLogoIsPresentOnPage" classname="Tests.InventoryPageTest.InventoryPageTests" time="0.184"/>
  <testcase name="checkThatSortContainerIsPresent" classname="Tests.InventoryPageTest.InventoryPageTests" time="0.182"/>
  <testcase name="checkThatErrorWrapperIsPresent" classname="Tests.LoginPage.LoginPageTests" time="0.376"/>
  <testcase name="checkThatInformationWrapperIsPresent" classname="Tests.LoginPage.LoginPageTests" time="0.084"/>
  <testcase name="checkThatLogoIsPresent" classname="Tests.LoginPage.LoginPageTests" time="0.077"/>
  <testcase name="checkThatLogoLoginWrapperIsPresent" classname="Tests.LoginPage.LoginPageTests" time="0.076"/>
  <testcase name="checkToLoginCorrectUser" classname="Tests.LoginPage.LoginPageTests" time="0.244"/>
  <testcase name="checkToLoginLockedUser" classname="Tests.LoginPage.LoginPageTests" time="0.194"/>
  <testcase name="checkToLoginPerformanceGlitchUser" classname="Tests.LoginPage.LoginPageTests" time="5.176"/>
  <testcase name="checkToLoginProblemUser" classname="Tests.LoginPage.LoginPageTests" time="0.173"/>
  <testcase name="justEnterOnlyUserStandard" classname="Tests.LoginPage.LoginPageTests" time="0.126"/>
  <testcase name="justPressLoginButton" classname="Tests.LoginPage.LoginPageTests" time="0.071"/>
  <testcase name="thatErrorMessageCanClosed" classname="Tests.LoginPage.LoginPageTests" time="0.09"/>
</testsuite>