<?xml version="1.0" encoding="UTF-8"?>
<testsuite xmlns:xsi="http://www.w3.org/2001/XMLSchema-instance" xsi:noNamespaceSchemaLocation="https://maven.apache.org/surefire/maven-surefire-plugin/xsd/surefire-test-report.xsd" name="TestSuite" time="18.12" tests="30" errors="0" skipped="0" failures="0">
  <properties>
[...]
</properties>
  <testcase name="checkThatAboutIsWorking" classname="tests.InventoryPageTest.InventoryPageTests" time="3.8"/>
  <testcase name="checkThatAllCardsHaveAddButton" classname="tests.InventoryPageTest.InventoryPageTests" time="0.417"/>
  <testcase name="checkThatAllCardsHaveAddIconImg" classname="tests.InventoryPageTest.InventoryPageTests" time="0.241"/>
  <testcase name="checkThatAllCardsHaveDescribe" classname="tests.InventoryPageTest.InventoryPageTests" time="0.222"/>
  <testcase name="checkThatAllCardsHaveItemDescription" classname="tests.InventoryPageTest.InventoryPageTests" time="0.235"/>
  <testcase name="checkThatAllCardsHaveName" classname="tests.InventoryPageTest.InventoryPageTests" time="0.229"/>
  <testcase name="checkThatAllCardsHavePrice" classname="tests.InventoryPageTest.InventoryPageTests" time="0.253"/>
  <testcase name="checkThatAllProductsCardIsPresent" classname="tests.InventoryPageTest.InventoryPageTests" time="0.187"/>
  <testcase name="checkThatLogoIsPresentOnPage" classname="tests.InventoryPageTest.InventoryPageTests" time="0.168"/>
  <testcase name="checkThatLogoutIsWorking" classname="tests.InventoryPageTest.InventoryPageTests" time="0.346"/>
  <testcase name="checkThatResetAppStateIsWorking" classname="tests.InventoryPageTest.InventoryPageTests" time="0.301"/>
  <testcase name="checkThatShoppingCardIsClickable" classname="tests.InventoryPageTest.InventoryPageTests" time="0.22"/>
  <testcase name="checkThatSortContainerIsPresent" classname="tests.InventoryPageTest.InventoryPageTests" time="0.173"/>
  <testcase name="checkThatSortContainerIsWorkAZ" classname="tests.InventoryPageTest.InventoryPageTests" time="0.343"/>
  <testcase name="checkThatSortContainerIsWorkHighToLow" classname="tests.InventoryPageTest.InventoryPageTests" time="0.328"/>
  <testcase name="checkThatSortContainerIsWorkLowToHigh" classname="tests.InventoryPageTest.InventoryPageTests" time="0.333"/>
  <testcase name="checkThatSortContainerIsWorkZA" classname="tests.InventoryPageTest.InventoryPageTests" time="0.365"/>
  <testcase name="clickAndCheckButtonMenu" classname="tests.InventoryPageTest.InventoryPageTests" time="0.227"/>
  <testcase name="clickOnAllItemsButton" classname="tests.InventoryPageTest.InventoryPageTests" time="0.323"/>
  <testcase name="checkThatErrorWrapperIsPresent" classname="tests.loginPage.LoginPageTests" time="0.56"/>
  <testcase name="checkThatInformationWrapperIsPresent" classname="tests.loginPage.LoginPageTests" time="0.054"/>
  <testcase name="checkThatLogoIsPresent" classname="tests.loginPage.LoginPageTests" time="0.046"/>
  <testcase name="checkThatLogoLoginWrapperIsPresent" classname="tests.loginPage.LoginPageTests" time="0.043"/>
  <testcase name="checkToLoginCorrectUser" classname="tests.loginPage.LoginPageTests" time="0.248"/>
  <testcase name="checkToLoginLockedUser" classname="tests.loginPage.LoginPageTests" time="0.22"/>
  <testcase name="checkToLoginPerformanceGlitchUser" classname="tests.loginPage.LoginPageTests" time="5.208"/>
  <testcase name="checkToLoginProblemUser" classname="tests.loginPage.LoginPageTests" time="0.172"/>
  <testcase name="justEnterOnlyUserStandard" classname="tests.loginPage.LoginPageTests" time="0.128"/>
  <testcase name="justPressLoginButton" classname="tests.loginPage.LoginPageTests" time="0.094"/>
  <testcase name="thatErrorMessageCanClosed" classname="tests.loginPage.LoginPageTests" time="0.094"/>
</testsuite>